2026-02-05T17:05:50:INFO: { "OS": "Windows", "video_adapter_driver_info": ["Advanced Micro Devices, Inc.", "32.0.11020.21003"], "screen_size": (1920, 1200), "screen_dpi": 120, "screen_scale": 1.0, "cores": 16, "locale": "en_US" }
2026-02-05T17:05:50:INFO: [step_commands: 0]
Godot Engine v4.5.1.stable.official (c) 2007-present Juan Linietsky, Ariel Manzur & Godot Contributors.
--- Debug adapter server started on port 6006 ---
  ERROR: res://addons/godot_tours/editor_interface_access.gd:420 - Trying to assign value of type 'VBoxContainer' to a variable of type 'Button'.
--- GDScript language server started on port 6005 ---
  ERROR: res://prefabs/bullet.gd:14 - Parse Error: Identifier "JUMP_VELOCITY" not declared in the current scope.
  ERROR: modules/gdscript/gdscript.cpp:3041 - Failed to load script "res://prefabs/bullet.gd" with error "Parse error".
  ERROR: res://tours/godot-first-tour/godot_first_tour.gd:5 - Parse Error: Preload file "res://assets/bubble-background.png" does not exist.
  ERROR: res://tours/godot-first-tour/godot_first_tour.gd:5 - Parse Error: Cannot infer the type of "TEXTURE_BUBBLE_BACKGROUND" constant because the value doesn't have a set type.
  ERROR: res://tours/godot-first-tour/godot_first_tour.gd:6 - Parse Error: Preload file "res://assets/gdquest-logo.svg" does not exist.
  ERROR: res://tours/godot-first-tour/godot_first_tour.gd:6 - Parse Error: Cannot infer the type of "TEXTURE_GDQUEST_LOGO" constant because the value doesn't have a set type.
  ERROR: modules/gdscript/gdscript.cpp:3041 - Failed to load script "res://tours/godot-first-tour/godot_first_tour.gd" with error "Parse error".
  WARNING: scene/gui/control.cpp:1476 - Nodes with non-equal opposite anchors will have their size overridden after _ready(). 
  WARNING: If you want to set size, change the anchors or consider using set_deferred().
  ERROR: res://tours/01_player_movement/01_tour.gd:54 - Invalid assignment of property or key 'button_pressed' with value of type 'bool' on a base object of type 'Nil'.
  ERROR: Type mismatch between initial and final value: int and bool
  WARNING: scene/gui/control.cpp:1476 - Nodes with non-equal opposite anchors will have their size overridden after _ready(). 
  WARNING: If you want to set size, change the anchors or consider using set_deferred().
  ERROR: Type mismatch between initial and final value: int and bool
[WARN] 'title(=player)' not found in tabs '[world, bullet]' for 'bubble_add_task_set_tab_to_title()' at 'step_commands(=21)'.
[WARN] 'title(=player)' not found in tabs '[world, bullet]' for 'bubble_add_task_set_tab_to_title()' at 'step_commands(=40)'.
  ERROR: res://tours/05_shoot_bullets/05_tour.gd:900 - Cannot call method 'find_children' on a null value.

2026-02-05T17:05:53:INFO: [step_commands: 1]
Godot Engine v4.5.1.stable.official (c) 2007-present Juan Linietsky, Ariel Manzur & Godot Contributors.
--- Debug adapter server started on port 6006 ---
  ERROR: res://addons/godot_tours/editor_interface_access.gd:420 - Trying to assign value of type 'VBoxContainer' to a variable of type 'Button'.
--- GDScript language server started on port 6005 ---
  ERROR: res://prefabs/bullet.gd:14 - Parse Error: Identifier "JUMP_VELOCITY" not declared in the current scope.
  ERROR: modules/gdscript/gdscript.cpp:3041 - Failed to load script "res://prefabs/bullet.gd" with error "Parse error".
  ERROR: res://tours/godot-first-tour/godot_first_tour.gd:5 - Parse Error: Preload file "res://assets/bubble-background.png" does not exist.
  ERROR: res://tours/godot-first-tour/godot_first_tour.gd:5 - Parse Error: Cannot infer the type of "TEXTURE_BUBBLE_BACKGROUND" constant because the value doesn't have a set type.
  ERROR: res://tours/godot-first-tour/godot_first_tour.gd:6 - Parse Error: Preload file "res://assets/gdquest-logo.svg" does not exist.
  ERROR: res://tours/godot-first-tour/godot_first_tour.gd:6 - Parse Error: Cannot infer the type of "TEXTURE_GDQUEST_LOGO" constant because the value doesn't have a set type.
  ERROR: modules/gdscript/gdscript.cpp:3041 - Failed to load script "res://tours/godot-first-tour/godot_first_tour.gd" with error "Parse error".
  WARNING: scene/gui/control.cpp:1476 - Nodes with non-equal opposite anchors will have their size overridden after _ready(). 
  WARNING: If you want to set size, change the anchors or consider using set_deferred().
  ERROR: res://tours/01_player_movement/01_tour.gd:54 - Invalid assignment of property or key 'button_pressed' with value of type 'bool' on a base object of type 'Nil'.
  ERROR: Type mismatch between initial and final value: int and bool
  WARNING: scene/gui/control.cpp:1476 - Nodes with non-equal opposite anchors will have their size overridden after _ready(). 
  WARNING: If you want to set size, change the anchors or consider using set_deferred().
  ERROR: Type mismatch between initial and final value: int and bool
[WARN] 'title(=player)' not found in tabs '[world, bullet]' for 'bubble_add_task_set_tab_to_title()' at 'step_commands(=21)'.
[WARN] 'title(=player)' not found in tabs '[world, bullet]' for 'bubble_add_task_set_tab_to_title()' at 'step_commands(=40)'.
  ERROR: res://tours/05_shoot_bullets/05_tour.gd:900 - Cannot call method 'find_children' on a null value.
  WARNING: scene/gui/control.cpp:1476 - Nodes with non-equal opposite anchors will have their size overridden after _ready(). 
  WARNING: If you want to set size, change the anchors or consider using set_deferred().
  ERROR: res://tours/05_shoot_bullets/05_tour.gd:54 - Invalid assignment of property or key 'button_pressed' with value of type 'bool' on a base object of type 'Nil'.

2026-02-05T17:06:00:INFO: [step_commands: 2]
Godot Engine v4.5.1.stable.official (c) 2007-present Juan Linietsky, Ariel Manzur & Godot Contributors.
--- Debug adapter server started on port 6006 ---
  ERROR: res://addons/godot_tours/editor_interface_access.gd:420 - Trying to assign value of type 'VBoxContainer' to a variable of type 'Button'.
--- GDScript language server started on port 6005 ---
  ERROR: res://prefabs/bullet.gd:14 - Parse Error: Identifier "JUMP_VELOCITY" not declared in the current scope.
  ERROR: modules/gdscript/gdscript.cpp:3041 - Failed to load script "res://prefabs/bullet.gd" with error "Parse error".
  ERROR: res://tours/godot-first-tour/godot_first_tour.gd:5 - Parse Error: Preload file "res://assets/bubble-background.png" does not exist.
  ERROR: res://tours/godot-first-tour/godot_first_tour.gd:5 - Parse Error: Cannot infer the type of "TEXTURE_BUBBLE_BACKGROUND" constant because the value doesn't have a set type.
  ERROR: res://tours/godot-first-tour/godot_first_tour.gd:6 - Parse Error: Preload file "res://assets/gdquest-logo.svg" does not exist.
  ERROR: res://tours/godot-first-tour/godot_first_tour.gd:6 - Parse Error: Cannot infer the type of "TEXTURE_GDQUEST_LOGO" constant because the value doesn't have a set type.
  ERROR: modules/gdscript/gdscript.cpp:3041 - Failed to load script "res://tours/godot-first-tour/godot_first_tour.gd" with error "Parse error".
  WARNING: scene/gui/control.cpp:1476 - Nodes with non-equal opposite anchors will have their size overridden after _ready(). 
  WARNING: If you want to set size, change the anchors or consider using set_deferred().
  ERROR: res://tours/01_player_movement/01_tour.gd:54 - Invalid assignment of property or key 'button_pressed' with value of type 'bool' on a base object of type 'Nil'.
  ERROR: Type mismatch between initial and final value: int and bool
  WARNING: scene/gui/control.cpp:1476 - Nodes with non-equal opposite anchors will have their size overridden after _ready(). 
  WARNING: If you want to set size, change the anchors or consider using set_deferred().
  ERROR: Type mismatch between initial and final value: int and bool
[WARN] 'title(=player)' not found in tabs '[world, bullet]' for 'bubble_add_task_set_tab_to_title()' at 'step_commands(=21)'.
[WARN] 'title(=player)' not found in tabs '[world, bullet]' for 'bubble_add_task_set_tab_to_title()' at 'step_commands(=40)'.
  ERROR: res://tours/05_shoot_bullets/05_tour.gd:900 - Cannot call method 'find_children' on a null value.
  WARNING: scene/gui/control.cpp:1476 - Nodes with non-equal opposite anchors will have their size overridden after _ready(). 
  WARNING: If you want to set size, change the anchors or consider using set_deferred().
  ERROR: res://tours/05_shoot_bullets/05_tour.gd:54 - Invalid assignment of property or key 'button_pressed' with value of type 'bool' on a base object of type 'Nil'.
  WARNING: scene/gui/control.cpp:1476 - Nodes with non-equal opposite anchors will have their size overridden after _ready(). 
  WARNING: If you want to set size, change the anchors or consider using set_deferred().

2026-02-05T17:06:10:INFO: [step_commands: 3]
Godot Engine v4.5.1.stable.official (c) 2007-present Juan Linietsky, Ariel Manzur & Godot Contributors.
--- Debug adapter server started on port 6006 ---
  ERROR: res://addons/godot_tours/editor_interface_access.gd:420 - Trying to assign value of type 'VBoxContainer' to a variable of type 'Button'.
--- GDScript language server started on port 6005 ---
  ERROR: res://prefabs/bullet.gd:14 - Parse Error: Identifier "JUMP_VELOCITY" not declared in the current scope.
  ERROR: modules/gdscript/gdscript.cpp:3041 - Failed to load script "res://prefabs/bullet.gd" with error "Parse error".
  ERROR: res://tours/godot-first-tour/godot_first_tour.gd:5 - Parse Error: Preload file "res://assets/bubble-background.png" does not exist.
  ERROR: res://tours/godot-first-tour/godot_first_tour.gd:5 - Parse Error: Cannot infer the type of "TEXTURE_BUBBLE_BACKGROUND" constant because the value doesn't have a set type.
  ERROR: res://tours/godot-first-tour/godot_first_tour.gd:6 - Parse Error: Preload file "res://assets/gdquest-logo.svg" does not exist.
  ERROR: res://tours/godot-first-tour/godot_first_tour.gd:6 - Parse Error: Cannot infer the type of "TEXTURE_GDQUEST_LOGO" constant because the value doesn't have a set type.
  ERROR: modules/gdscript/gdscript.cpp:3041 - Failed to load script "res://tours/godot-first-tour/godot_first_tour.gd" with error "Parse error".
  WARNING: scene/gui/control.cpp:1476 - Nodes with non-equal opposite anchors will have their size overridden after _ready(). 
  WARNING: If you want to set size, change the anchors or consider using set_deferred().
  ERROR: res://tours/01_player_movement/01_tour.gd:54 - Invalid assignment of property or key 'button_pressed' with value of type 'bool' on a base object of type 'Nil'.
  ERROR: Type mismatch between initial and final value: int and bool
  WARNING: scene/gui/control.cpp:1476 - Nodes with non-equal opposite anchors will have their size overridden after _ready(). 
  WARNING: If you want to set size, change the anchors or consider using set_deferred().
  ERROR: Type mismatch between initial and final value: int and bool
[WARN] 'title(=player)' not found in tabs '[world, bullet]' for 'bubble_add_task_set_tab_to_title()' at 'step_commands(=21)'.
[WARN] 'title(=player)' not found in tabs '[world, bullet]' for 'bubble_add_task_set_tab_to_title()' at 'step_commands(=40)'.
  ERROR: res://tours/05_shoot_bullets/05_tour.gd:900 - Cannot call method 'find_children' on a null value.
  WARNING: scene/gui/control.cpp:1476 - Nodes with non-equal opposite anchors will have their size overridden after _ready(). 
  WARNING: If you want to set size, change the anchors or consider using set_deferred().
  ERROR: res://tours/05_shoot_bullets/05_tour.gd:54 - Invalid assignment of property or key 'button_pressed' with value of type 'bool' on a base object of type 'Nil'.
  WARNING: scene/gui/control.cpp:1476 - Nodes with non-equal opposite anchors will have their size overridden after _ready(). 
  WARNING: If you want to set size, change the anchors or consider using set_deferred().
  WARNING: scene/gui/control.cpp:1476 - Nodes with non-equal opposite anchors will have their size overridden after _ready(). 
  WARNING: If you want to set size, change the anchors or consider using set_deferred().

2026-02-05T17:06:22:INFO: [step_commands: 4]
Godot Engine v4.5.1.stable.official (c) 2007-present Juan Linietsky, Ariel Manzur & Godot Contributors.
--- Debug adapter server started on port 6006 ---
  ERROR: res://addons/godot_tours/editor_interface_access.gd:420 - Trying to assign value of type 'VBoxContainer' to a variable of type 'Button'.
--- GDScript language server started on port 6005 ---
  ERROR: res://prefabs/bullet.gd:14 - Parse Error: Identifier "JUMP_VELOCITY" not declared in the current scope.
  ERROR: modules/gdscript/gdscript.cpp:3041 - Failed to load script "res://prefabs/bullet.gd" with error "Parse error".
  ERROR: res://tours/godot-first-tour/godot_first_tour.gd:5 - Parse Error: Preload file "res://assets/bubble-background.png" does not exist.
  ERROR: res://tours/godot-first-tour/godot_first_tour.gd:5 - Parse Error: Cannot infer the type of "TEXTURE_BUBBLE_BACKGROUND" constant because the value doesn't have a set type.
  ERROR: res://tours/godot-first-tour/godot_first_tour.gd:6 - Parse Error: Preload file "res://assets/gdquest-logo.svg" does not exist.
  ERROR: res://tours/godot-first-tour/godot_first_tour.gd:6 - Parse Error: Cannot infer the type of "TEXTURE_GDQUEST_LOGO" constant because the value doesn't have a set type.
  ERROR: modules/gdscript/gdscript.cpp:3041 - Failed to load script "res://tours/godot-first-tour/godot_first_tour.gd" with error "Parse error".
  WARNING: scene/gui/control.cpp:1476 - Nodes with non-equal opposite anchors will have their size overridden after _ready(). 
  WARNING: If you want to set size, change the anchors or consider using set_deferred().
  ERROR: res://tours/01_player_movement/01_tour.gd:54 - Invalid assignment of property or key 'button_pressed' with value of type 'bool' on a base object of type 'Nil'.
  ERROR: Type mismatch between initial and final value: int and bool
  WARNING: scene/gui/control.cpp:1476 - Nodes with non-equal opposite anchors will have their size overridden after _ready(). 
  WARNING: If you want to set size, change the anchors or consider using set_deferred().
  ERROR: Type mismatch between initial and final value: int and bool
[WARN] 'title(=player)' not found in tabs '[world, bullet]' for 'bubble_add_task_set_tab_to_title()' at 'step_commands(=21)'.
[WARN] 'title(=player)' not found in tabs '[world, bullet]' for 'bubble_add_task_set_tab_to_title()' at 'step_commands(=40)'.
  ERROR: res://tours/05_shoot_bullets/05_tour.gd:900 - Cannot call method 'find_children' on a null value.
  WARNING: scene/gui/control.cpp:1476 - Nodes with non-equal opposite anchors will have their size overridden after _ready(). 
  WARNING: If you want to set size, change the anchors or consider using set_deferred().
  ERROR: res://tours/05_shoot_bullets/05_tour.gd:54 - Invalid assignment of property or key 'button_pressed' with value of type 'bool' on a base object of type 'Nil'.
  WARNING: scene/gui/control.cpp:1476 - Nodes with non-equal opposite anchors will have their size overridden after _ready(). 
  WARNING: If you want to set size, change the anchors or consider using set_deferred().
  WARNING: scene/gui/control.cpp:1476 - Nodes with non-equal opposite anchors will have their size overridden after _ready(). 
  WARNING: If you want to set size, change the anchors or consider using set_deferred().
  WARNING: scene/gui/control.cpp:1476 - Nodes with non-equal opposite anchors will have their size overridden after _ready(). 
  WARNING: If you want to set size, change the anchors or consider using set_deferred().

2026-02-05T17:06:28:INFO: [step_commands: 5]
Godot Engine v4.5.1.stable.official (c) 2007-present Juan Linietsky, Ariel Manzur & Godot Contributors.
--- Debug adapter server started on port 6006 ---
  ERROR: res://addons/godot_tours/editor_interface_access.gd:420 - Trying to assign value of type 'VBoxContainer' to a variable of type 'Button'.
--- GDScript language server started on port 6005 ---
  ERROR: res://prefabs/bullet.gd:14 - Parse Error: Identifier "JUMP_VELOCITY" not declared in the current scope.
  ERROR: modules/gdscript/gdscript.cpp:3041 - Failed to load script "res://prefabs/bullet.gd" with error "Parse error".
  ERROR: res://tours/godot-first-tour/godot_first_tour.gd:5 - Parse Error: Preload file "res://assets/bubble-background.png" does not exist.
  ERROR: res://tours/godot-first-tour/godot_first_tour.gd:5 - Parse Error: Cannot infer the type of "TEXTURE_BUBBLE_BACKGROUND" constant because the value doesn't have a set type.
  ERROR: res://tours/godot-first-tour/godot_first_tour.gd:6 - Parse Error: Preload file "res://assets/gdquest-logo.svg" does not exist.
  ERROR: res://tours/godot-first-tour/godot_first_tour.gd:6 - Parse Error: Cannot infer the type of "TEXTURE_GDQUEST_LOGO" constant because the value doesn't have a set type.
  ERROR: modules/gdscript/gdscript.cpp:3041 - Failed to load script "res://tours/godot-first-tour/godot_first_tour.gd" with error "Parse error".
  WARNING: scene/gui/control.cpp:1476 - Nodes with non-equal opposite anchors will have their size overridden after _ready(). 
  WARNING: If you want to set size, change the anchors or consider using set_deferred().
  ERROR: res://tours/01_player_movement/01_tour.gd:54 - Invalid assignment of property or key 'button_pressed' with value of type 'bool' on a base object of type 'Nil'.
  ERROR: Type mismatch between initial and final value: int and bool
  WARNING: scene/gui/control.cpp:1476 - Nodes with non-equal opposite anchors will have their size overridden after _ready(). 
  WARNING: If you want to set size, change the anchors or consider using set_deferred().
  ERROR: Type mismatch between initial and final value: int and bool
[WARN] 'title(=player)' not found in tabs '[world, bullet]' for 'bubble_add_task_set_tab_to_title()' at 'step_commands(=21)'.
[WARN] 'title(=player)' not found in tabs '[world, bullet]' for 'bubble_add_task_set_tab_to_title()' at 'step_commands(=40)'.
  ERROR: res://tours/05_shoot_bullets/05_tour.gd:900 - Cannot call method 'find_children' on a null value.
  WARNING: scene/gui/control.cpp:1476 - Nodes with non-equal opposite anchors will have their size overridden after _ready(). 
  WARNING: If you want to set size, change the anchors or consider using set_deferred().
  ERROR: res://tours/05_shoot_bullets/05_tour.gd:54 - Invalid assignment of property or key 'button_pressed' with value of type 'bool' on a base object of type 'Nil'.
  WARNING: scene/gui/control.cpp:1476 - Nodes with non-equal opposite anchors will have their size overridden after _ready(). 
  WARNING: If you want to set size, change the anchors or consider using set_deferred().
  WARNING: scene/gui/control.cpp:1476 - Nodes with non-equal opposite anchors will have their size overridden after _ready(). 
  WARNING: If you want to set size, change the anchors or consider using set_deferred().
  WARNING: scene/gui/control.cpp:1476 - Nodes with non-equal opposite anchors will have their size overridden after _ready(). 
  WARNING: If you want to set size, change the anchors or consider using set_deferred().
  WARNING: scene/gui/control.cpp:1476 - Nodes with non-equal opposite anchors will have their size overridden after _ready(). 
  WARNING: If you want to set size, change the anchors or consider using set_deferred().

